Loading conda_R/4.0
Loading required package: BiocGenerics
Loading required package: parallel

Attaching package: ‘BiocGenerics’

The following objects are masked from ‘package:parallel’:

    clusterApply, clusterApplyLB, clusterCall, clusterEvalQ,
    clusterExport, clusterMap, parApply, parCapply, parLapply,
    parLapplyLB, parRapply, parSapply, parSapplyLB

The following objects are masked from ‘package:stats’:

    IQR, mad, sd, var, xtabs

The following objects are masked from ‘package:base’:

    anyDuplicated, append, as.data.frame, basename, cbind, colnames,
    dirname, do.call, duplicated, eval, evalq, Filter, Find, get, grep,
    grepl, intersect, is.unsorted, lapply, Map, mapply, match, mget,
    order, paste, pmax, pmax.int, pmin, pmin.int, Position, rank,
    rbind, Reduce, rownames, sapply, setdiff, sort, table, tapply,
    union, unique, unsplit, which, which.max, which.min

Loading required package: S4Vectors
Loading required package: stats4

Attaching package: ‘S4Vectors’

The following object is masked from ‘package:base’:

    expand.grid

Loading required package: IRanges
Loading required package: XVector

Attaching package: ‘Biostrings’

The following object is masked from ‘package:base’:

    strsplit

Loading required package: GenomeInfoDb
Loading required package: AnnotationDbi
Loading required package: Biobase
Welcome to Bioconductor

    Vignettes contain introductory material; view with
    'browseVignettes()'. To cite Bioconductor, see
    'citation("Biobase")', and for packages 'citation("pkgname")'.


Loading required package: rafalib
Loading required package: usethis

Attaching package: ‘devtools’

The following object is masked from ‘package:rafalib’:

    install_bioc

Loading required package: DelayedArray
Loading required package: matrixStats

Attaching package: ‘matrixStats’

The following objects are masked from ‘package:Biobase’:

    anyMissing, rowMedians


Attaching package: ‘DelayedArray’

The following objects are masked from ‘package:matrixStats’:

    colMaxs, colMins, colRanges, rowMaxs, rowMins, rowRanges

The following objects are masked from ‘package:base’:

    aperm, apply, rowsum


Attaching package: ‘plyr’

The following object is masked from ‘package:matrixStats’:

    count

The following object is masked from ‘package:XVector’:

    compact

The following object is masked from ‘package:IRanges’:

    desc

The following object is masked from ‘package:S4Vectors’:

    rename

Loading required package: BSgenome
Loading required package: rtracklayer
Warning messages:
1: In if (class(ac) == "matrix") { :
  the condition has length > 1 and only the first element will be used
2: In if (class(ac) == "matrix") { :
  the condition has length > 1 and only the first element will be used
..........................................Joining by: Chr, Start, End
..........................................2020-07-22 13:22:16 reading in data
2020-07-22 13:22:33 creating master table of junctions
2020-07-22 13:22:43 there are 3818026 total junctions
2020-07-22 13:22:43 populating count matrix
2020-07-22 13:23:15 filling in the count matrix
.[1] "Reproducibility information:"
[1] "2020-07-22 13:30:59 EDT"
   user  system elapsed 
759.207  80.402 775.148 
─ Session info ───────────────────────────────────────────────────────────────────────────────────────────────────────
 setting  value                                      
 version  R version 4.0.2 Patched (2020-06-24 r78746)
 os       CentOS Linux 7 (Core)                      
 system   x86_64, linux-gnu                          
 ui       X11                                        
 language (EN)                                       
 collate  en_US.UTF-8                                
 ctype    en_US.UTF-8                                
 tz       US/Eastern                                 
 date     2020-07-22                                 

─ Packages ───────────────────────────────────────────────────────────────────────────────────────────────────────────
 package                     * version  date       lib source                                   
 acepack                       1.4.1    2016-10-29 [2] CRAN (R 4.0.0)                           
 AnnotationDbi               * 1.50.0   2020-04-27 [2] Bioconductor                             
 askpass                       1.1      2019-01-13 [2] CRAN (R 4.0.0)                           
 assertthat                    0.2.1    2019-03-21 [2] CRAN (R 4.0.0)                           
 backports                     1.1.7    2020-05-13 [2] CRAN (R 4.0.0)                           
 base64enc                     0.1-3    2015-07-28 [2] CRAN (R 4.0.0)                           
 Biobase                     * 2.48.0   2020-04-27 [2] Bioconductor                             
 BiocFileCache                 1.12.0   2020-04-27 [2] Bioconductor                             
 BiocGenerics                * 0.34.0   2020-04-27 [2] Bioconductor                             
 BiocParallel                * 1.22.0   2020-04-27 [2] Bioconductor                             
 biomaRt                     * 2.44.0   2020-04-27 [2] Bioconductor                             
 Biostrings                  * 2.56.0   2020-04-27 [2] Bioconductor                             
 bit                           1.1-15.2 2020-02-10 [2] CRAN (R 4.0.0)                           
 bit64                         0.9-7    2017-05-08 [2] CRAN (R 4.0.0)                           
 bitops                        1.0-6    2013-08-17 [2] CRAN (R 4.0.0)                           
 blob                          1.2.1    2020-01-20 [2] CRAN (R 4.0.0)                           
 BSgenome                    * 1.56.0   2020-04-27 [2] Bioconductor                             
 BSgenome.Hsapiens.UCSC.hg38 * 1.4.3    2020-07-09 [1] Bioconductor                             
 bumphunter                    1.30.0   2020-04-27 [2] Bioconductor                             
 callr                         3.4.3    2020-03-28 [2] CRAN (R 4.0.0)                           
 checkmate                     2.0.0    2020-02-06 [2] CRAN (R 4.0.0)                           
 cli                           2.0.2    2020-02-28 [2] CRAN (R 4.0.0)                           
 cluster                       2.1.0    2019-06-19 [3] CRAN (R 4.0.2)                           
 codetools                     0.2-16   2018-12-24 [3] CRAN (R 4.0.2)                           
 colorspace                    1.4-1    2019-03-18 [2] CRAN (R 4.0.0)                           
 crayon                        1.3.4    2017-09-16 [2] CRAN (R 4.0.0)                           
 curl                          4.3      2019-12-02 [2] CRAN (R 4.0.0)                           
 data.table                    1.12.8   2019-12-09 [2] CRAN (R 4.0.0)                           
 DBI                           1.1.0    2019-12-15 [2] CRAN (R 4.0.0)                           
 dbplyr                        1.4.3    2020-04-19 [2] CRAN (R 4.0.0)                           
 DelayedArray                * 0.14.0   2020-04-27 [2] Bioconductor                             
 derfinder                   * 1.22.0   2020-04-27 [2] Bioconductor                             
 derfinderHelper               1.22.0   2020-04-27 [2] Bioconductor                             
 desc                          1.2.0    2018-05-01 [2] CRAN (R 4.0.0)                           
 devtools                    * 2.3.0    2020-04-10 [2] CRAN (R 4.0.0)                           
 digest                        0.6.25   2020-02-23 [2] CRAN (R 4.0.0)                           
 doRNG                         1.8.2    2020-01-27 [2] CRAN (R 4.0.0)                           
 dplyr                         0.8.5    2020-03-07 [2] CRAN (R 4.0.0)                           
 ellipsis                      0.3.1    2020-05-15 [2] CRAN (R 4.0.0)                           
 fansi                         0.4.1    2020-01-08 [2] CRAN (R 4.0.0)                           
 foreach                       1.5.0    2020-03-30 [2] CRAN (R 4.0.0)                           
 foreign                       0.8-80   2020-05-24 [3] CRAN (R 4.0.2)                           
 Formula                       1.2-3    2018-05-03 [2] CRAN (R 4.0.0)                           
 fs                            1.4.1    2020-04-04 [2] CRAN (R 4.0.0)                           
 GenomeInfoDb                * 1.24.0   2020-04-27 [2] Bioconductor                             
 GenomeInfoDbData              1.2.3    2020-05-18 [2] Bioconductor                             
 GenomicAlignments             1.24.0   2020-04-27 [2] Bioconductor                             
 GenomicFeatures             * 1.40.0   2020-04-27 [2] Bioconductor                             
 GenomicFiles                  1.24.0   2020-04-27 [2] Bioconductor                             
 GenomicRanges               * 1.40.0   2020-04-27 [2] Bioconductor                             
 getopt                      * 1.20.3   2019-03-22 [2] CRAN (R 4.0.0)                           
 ggplot2                       3.3.0    2020-03-05 [2] CRAN (R 4.0.0)                           
 glue                          1.4.1    2020-05-13 [2] CRAN (R 4.0.0)                           
 googledrive                   1.0.1    2020-05-05 [1] CRAN (R 4.0.0)                           
 gridExtra                     2.3      2017-09-09 [2] CRAN (R 4.0.0)                           
 gtable                        0.3.0    2019-03-25 [2] CRAN (R 4.0.0)                           
 Hmisc                         4.4-0    2020-03-23 [2] CRAN (R 4.0.0)                           
 hms                           0.5.3    2020-01-08 [2] CRAN (R 4.0.0)                           
 htmlTable                     1.13.3   2019-12-04 [2] CRAN (R 4.0.0)                           
 htmltools                     0.4.0    2019-10-04 [2] CRAN (R 4.0.0)                           
 htmlwidgets                   1.5.1    2019-10-08 [2] CRAN (R 4.0.0)                           
 httr                          1.4.1    2019-08-05 [2] CRAN (R 4.0.0)                           
 IRanges                     * 2.22.1   2020-04-28 [2] Bioconductor                             
 iterators                     1.0.12   2019-07-26 [2] CRAN (R 4.0.0)                           
 jaffelab                    * 0.99.30  2020-06-25 [1] Github (LieberInstitute/jaffelab@42637ff)
 jpeg                          0.1-8.1  2019-10-24 [2] CRAN (R 4.0.0)                           
 knitr                         1.29     2020-06-23 [1] CRAN (R 4.0.0)                           
 lattice                       0.20-41  2020-04-02 [3] CRAN (R 4.0.2)                           
 latticeExtra                  0.6-29   2019-12-19 [2] CRAN (R 4.0.0)                           
 lifecycle                     0.2.0    2020-03-06 [2] CRAN (R 4.0.0)                           
 limma                         3.44.1   2020-04-28 [2] Bioconductor                             
 locfit                        1.5-9.4  2020-03-25 [2] CRAN (R 4.0.0)                           
 magrittr                      1.5      2014-11-22 [2] CRAN (R 4.0.0)                           
 Matrix                        1.2-18   2019-11-27 [3] CRAN (R 4.0.2)                           
 matrixStats                 * 0.56.0   2020-03-13 [2] CRAN (R 4.0.0)                           
 memoise                       1.1.0    2017-04-21 [2] CRAN (R 4.0.0)                           
 munsell                       0.5.0    2018-06-12 [2] CRAN (R 4.0.0)                           
 nnet                          7.3-14   2020-04-26 [3] CRAN (R 4.0.2)                           
 openssl                       1.4.1    2019-07-18 [2] CRAN (R 4.0.0)                           
 org.Hs.eg.db                * 3.11.1   2020-05-18 [2] Bioconductor                             
 pillar                        1.4.4    2020-05-05 [2] CRAN (R 4.0.0)                           
 pkgbuild                      1.0.8    2020-05-07 [2] CRAN (R 4.0.0)                           
 pkgconfig                     2.0.3    2019-09-22 [2] CRAN (R 4.0.0)                           
 pkgload                       1.0.2    2018-10-29 [2] CRAN (R 4.0.0)                           
 plyr                        * 1.8.6    2020-03-03 [2] CRAN (R 4.0.0)                           
 png                           0.1-7    2013-12-03 [2] CRAN (R 4.0.0)                           
 prettyunits                   1.1.1    2020-01-24 [2] CRAN (R 4.0.0)                           
 processx                      3.4.2    2020-02-09 [2] CRAN (R 4.0.0)                           
 progress                      1.2.2    2019-05-16 [2] CRAN (R 4.0.0)                           
 ps                            1.3.3    2020-05-08 [2] CRAN (R 4.0.0)                           
 purrr                         0.3.4    2020-04-17 [2] CRAN (R 4.0.0)                           
 qvalue                        2.20.0   2020-04-27 [2] Bioconductor                             
 R6                            2.4.1    2019-11-12 [2] CRAN (R 4.0.0)                           
 rafalib                     * 1.0.0    2015-08-09 [1] CRAN (R 4.0.0)                           
 rappdirs                      0.3.1    2016-03-28 [2] CRAN (R 4.0.0)                           
 RColorBrewer                  1.1-2    2014-12-07 [2] CRAN (R 4.0.0)                           
 Rcpp                          1.0.4.6  2020-04-09 [2] CRAN (R 4.0.0)                           
 RCurl                         1.98-1.2 2020-04-18 [2] CRAN (R 4.0.0)                           
 remotes                       2.1.1    2020-02-15 [2] CRAN (R 4.0.0)                           
 reshape2                      1.4.4    2020-04-09 [2] CRAN (R 4.0.0)                           
 rlang                         0.4.6    2020-05-02 [2] CRAN (R 4.0.0)                           
 rngtools                      1.5      2020-01-23 [2] CRAN (R 4.0.0)                           
 rpart                         4.1-15   2019-04-12 [3] CRAN (R 4.0.2)                           
 rprojroot                     1.3-2    2018-01-03 [2] CRAN (R 4.0.0)                           
 Rsamtools                     2.4.0    2020-04-27 [2] Bioconductor                             
 RSQLite                       2.2.0    2020-01-07 [2] CRAN (R 4.0.0)                           
 rstudioapi                    0.11     2020-02-07 [2] CRAN (R 4.0.0)                           
 rtracklayer                 * 1.48.0   2020-04-27 [2] Bioconductor                             
 S4Vectors                   * 0.26.1   2020-05-16 [2] Bioconductor                             
 scales                        1.1.1    2020-05-11 [2] CRAN (R 4.0.0)                           
 segmented                     1.1-0    2019-12-10 [2] CRAN (R 4.0.0)                           
 sessioninfo                   1.1.1    2018-11-05 [2] CRAN (R 4.0.0)                           
 stringi                       1.4.6    2020-02-17 [2] CRAN (R 4.0.0)                           
 stringr                       1.4.0    2019-02-10 [2] CRAN (R 4.0.0)                           
 SummarizedExperiment        * 1.18.1   2020-04-30 [2] Bioconductor                             
 survival                      3.2-3    2020-06-13 [3] CRAN (R 4.0.2)                           
 testthat                      2.3.2    2020-03-02 [2] CRAN (R 4.0.0)                           
 tibble                        3.0.1    2020-04-20 [2] CRAN (R 4.0.0)                           
 tidyselect                    1.1.0    2020-05-11 [2] CRAN (R 4.0.0)                           
 usethis                     * 1.6.1    2020-04-29 [2] CRAN (R 4.0.0)                           
 VariantAnnotation             1.34.0   2020-04-27 [2] Bioconductor                             
 vctrs                         0.3.0    2020-05-11 [2] CRAN (R 4.0.0)                           
 withr                         2.2.0    2020-04-20 [2] CRAN (R 4.0.0)                           
 xfun                          0.15     2020-06-21 [1] CRAN (R 4.0.0)                           
 XML                           3.99-0.3 2020-01-20 [2] CRAN (R 4.0.0)                           
 XVector                     * 0.28.0   2020-04-27 [2] Bioconductor                             
 zlibbioc                      1.34.0   2020-04-27 [2] Bioconductor                             

[1] /users/neagles/R/4.0
[2] /jhpce/shared/jhpce/core/conda/miniconda3-4.6.14/envs/svnR-4.0/R/4.0/lib64/R/site-library
[3] /jhpce/shared/jhpce/core/conda/miniconda3-4.6.14/envs/svnR-4.0/R/4.0/lib64/R/library
